<?xml version="1.0" encoding="UTF-8"?>
<testng-results skipped="0" failed="0" total="1" passed="1">
  <reporter-output>
  </reporter-output>
  <suite name="Default suite" duration-ms="47" started-at="2017-11-08T09:38:19Z" finished-at="2017-11-08T09:38:19Z">
    <groups>
    </groups>
    <test name="Default test" duration-ms="47" started-at="2017-11-08T09:38:19Z" finished-at="2017-11-08T09:38:19Z">
      <class name="MavenTest1.MvnTest">
        <test-method status="PASS" signature="beforeClass()[pri:0, instance:MavenTest1.MvnTest@d8355a8]" name="beforeClass" is-config="true" duration-ms="15" started-at="2017-11-08T15:08:19Z" finished-at="2017-11-08T15:08:19Z">
          <reporter-output>
          </reporter-output>
        </test-method> <!-- beforeClass -->
        <test-method status="PASS" signature="beforeMethod()[pri:0, instance:MavenTest1.MvnTest@d8355a8]" name="beforeMethod" is-config="true" duration-ms="0" started-at="2017-11-08T15:08:19Z" finished-at="2017-11-08T15:08:19Z">
          <reporter-output>
          </reporter-output>
        </test-method> <!-- beforeMethod -->
        <test-method status="PASS" signature="mvnTest()[pri:0, instance:MavenTest1.MvnTest@d8355a8]" name="mvnTest" duration-ms="0" started-at="2017-11-08T15:08:19Z" finished-at="2017-11-08T15:08:19Z">
          <reporter-output>
          </reporter-output>
        </test-method> <!-- mvnTest -->
        <test-method status="PASS" signature="afterMethod()[pri:0, instance:MavenTest1.MvnTest@d8355a8]" name="afterMethod" is-config="true" duration-ms="0" started-at="2017-11-08T15:08:19Z" finished-at="2017-11-08T15:08:19Z">
          <reporter-output>
          </reporter-output>
        </test-method> <!-- afterMethod -->
        <test-method status="PASS" signature="afterClass()[pri:0, instance:MavenTest1.MvnTest@d8355a8]" name="afterClass" is-config="true" duration-ms="0" started-at="2017-11-08T15:08:19Z" finished-at="2017-11-08T15:08:19Z">
          <reporter-output>
          </reporter-output>
        </test-method> <!-- afterClass -->
      </class> <!-- MavenTest1.MvnTest -->
    </test> <!-- Default test -->
  </suite> <!-- Default suite -->
</testng-results>
